[18:29:24] [main/INFO] (FabricLoader) Loading for game Minecraft 1.16.5
[18:29:24] [main/INFO] (Fabric|Loader) [FabricLoader] Loading 46 mods: fabric-screen-handler-api-v1@1.1.1+ca58154a7d, minecraft@1.16.5, fabric-renderer-api-v1@0.4.1+ca58154a7d, fabric-networking-blockentity-v0@0.2.8+ca58154a7d, fabric-keybindings-v0@0.2.1+ca58154a7d, fabric-command-api-v1@1.0.10+ca58154a7d, fabricloader@0.11.1, gemstones@1.0.0, fabric-tool-attribute-api-v1@1.2.6+ca58154a7d, fabric-renderer-indigo@0.4.4+ca58154a7d, fabric-structure-api-v1@1.1.4+ca58154a7d, fabric-containers-v0@0.1.10+ca58154a7d, fabric-dimensions-v1@2.0.2+ca58154a7d, fabric-object-builder-api-v1@1.9.3+ca58154a7d, java@15, fabric-events-interaction-v0@0.4.2+ca58154a7d, fabric-crash-report-info-v1@0.1.3+ca58154a7d, fabric-item-api-v1@1.2.1+ca58154a7d, fabric-game-rule-api-v1@1.0.6+ca58154a7d, fabric-entity-events-v1@1.0.3+ca58154a7d, fabric-api-base@0.2.0+daa38b3d7d, fabric-rendering-v0@1.1.2+ca58154a7d, fabric-key-binding-api-v1@1.0.2+ca58154a7d, fabric-rendering-v1@1.5.1+ca58154a7d, fabric-rendering-data-attachment-v1@0.1.5+ca58154a7d, fabric-resource-loader-v0@0.4.2+ca58154a7d, fabric-textures-v0@1.0.6+ca58154a7d, fabric-content-registries-v0@0.2.1+ca58154a7d, fabric-tag-extensions-v0@1.1.1+ca58154a7d, fabric-biome-api-v1@3.1.1+ca58154a7d, fabric-rendering-fluids-v1@0.1.13+ca58154a7d, fabric-commands-v0@0.2.2+ca58154a7d, fabric-registry-sync-v0@0.7.4+ca58154a7d, fabric-blockrenderlayer-v1@1.1.5+ca58154a7d, fabric-lifecycle-events-v1@1.2.1+ca58154a7d, fabric-mining-levels-v0@0.1.3+ca58154a7d, fabric-renderer-registries-v1@2.2.1+ca58154a7d, fabric-networking-api-v1@1.0.1+ca58154a7d, fabric-events-lifecycle-v0@0.2.1+ca58154a7d, fabric-loot-tables-v1@1.0.2+ca58154a7d, fabric@0.29.4+1.16, fabric-particles-v1@0.2.4+ca58154a7d, fabric-item-groups-v0@0.2.3+ca58154a7d, fabric-models-v0@0.2.1+ca58154a7d, fabric-object-builders-v0@0.7.2+ca58154a7d, fabric-networking-v0@0.3.2+ca58154a7d
[18:29:24] [main/INFO] (mixin) SpongePowered MIXIN Subsystem Version=0.8.2 Source=file:/C:/Users/Sam/.gradle/caches/modules-2/files-2.1/net.fabricmc/sponge-mixin/0.8.2+build.24/e5a741445d0f425bf3cce946c6cf8c7fb8376b2/sponge-mixin-0.8.2+build.24.jar Service=Knot/Fabric Env=CLIENT
[18:29:25] [main/INFO] (Fabric|MixinBootstrap) Loaded Fabric development mappings for mixin remapper!
[18:29:25] [main/INFO] (mixin) Remapping refMap fabric-networking-blockentity-v0-refmap.json using remapper chain
[18:29:25] [main/INFO] (mixin) Remapping refMap fabric-screen-handler-api-v1-refmap.json using remapper chain
[18:29:25] [main/INFO] (mixin) Remapping refMap fabric-lifecycle-events-v1-refmap.json using remapper chain
[18:29:25] [main/INFO] (mixin) Remapping refMap fabric-containers-v0-refmap.json using remapper chain
[18:29:25] [main/INFO] (mixin) Remapping refMap fabric-renderer-indigo-refmap.json using remapper chain
[18:29:25] [main/INFO] (mixin) Remapping refMap fabric-rendering-data-attachment-v1-refmap.json using remapper chain
[18:29:25] [main/INFO] (mixin) Remapping refMap fabric-structure-api-v1-refmap.json using remapper chain
[18:29:25] [main/INFO] (mixin) Remapping refMap fabric-events-interaction-v0-refmap.json using remapper chain
[18:29:25] [main/INFO] (mixin) Remapping refMap fabric-item-api-v1-refmap.json using remapper chain
[18:29:25] [main/INFO] (mixin) Remapping refMap fabric-loot-tables-v1-refmap.json using remapper chain
[18:29:25] [main/INFO] (mixin) Remapping refMap fabric-object-builder-api-v1-refmap.json using remapper chain
[18:29:25] [main/INFO] (mixin) Remapping refMap fabric-dimensions-v1-refmap.json using remapper chain
[18:29:25] [main/INFO] (mixin) Remapping refMap fabric-renderer-registries-v1-refmap.json using remapper chain
[18:29:25] [main/INFO] (mixin) Remapping refMap fabric-textures-v0-refmap.json using remapper chain
[18:29:25] [main/INFO] (mixin) Remapping refMap fabric-registry-sync-v0-refmap.json using remapper chain
[18:29:25] [main/INFO] (mixin) Remapping refMap fabric-models-v0-refmap.json using remapper chain
[18:29:25] [main/INFO] (mixin) Remapping refMap fabric-blockrenderlayer-v1-refmap.json using remapper chain
[18:29:25] [main/INFO] (mixin) Remapping refMap fabric-renderer-api-v1-refmap.json using remapper chain
[18:29:25] [main/INFO] (mixin) Remapping refMap fabric-containers-v0-refmap.json using remapper chain
[18:29:25] [main/INFO] (mixin) Remapping refMap fabric-rendering-fluids-v1-refmap.json using remapper chain
[18:29:25] [main/INFO] (mixin) Remapping refMap fabric-biome-api-v1-refmap.json using remapper chain
[18:29:25] [main/INFO] (mixin) Remapping refMap fabric-resource-loader-v0-refmap.json using remapper chain
[18:29:25] [main/INFO] (mixin) Remapping refMap fabric-game-rule-api-v1-refmap.json using remapper chain
[18:29:25] [main/INFO] (mixin) Remapping refMap fabric-networking-api-v1-refmap.json using remapper chain
[18:29:25] [main/INFO] (mixin) Remapping refMap fabric-particles-v1-refmap.json using remapper chain
[18:29:25] [main/INFO] (mixin) Remapping refMap fabric-object-builders-refmap.json using remapper chain
[18:29:25] [main/INFO] (mixin) Remapping refMap fabric-tag-extensions-v0-refmap.json using remapper chain
[18:29:25] [main/INFO] (mixin) Remapping refMap fabric-tool-attribute-api-v1-refmap.json using remapper chain
[18:29:25] [main/INFO] (mixin) Remapping refMap fabric-rendering-v1-refmap.json using remapper chain
[18:29:25] [main/INFO] (mixin) Remapping refMap fabric-item-groups-v0-refmap.json using remapper chain
[18:29:25] [main/INFO] (mixin) Remapping refMap fabric-content-registries-v0-refmap.json using remapper chain
[18:29:25] [main/INFO] (mixin) Remapping refMap fabric-command-api-v1-refmap.json using remapper chain
[18:29:25] [main/INFO] (mixin) Remapping refMap fabric-crash-report-info-v1-refmap.json using remapper chain
[18:29:25] [main/INFO] (mixin) Remapping refMap fabric-entity-events-v1-refmap.json using remapper chain
[18:29:25] [main/INFO] (mixin) Remapping refMap fabric-key-binding-api-v1-refmap.json using remapper chain
[18:29:25] [main/INFO] (mixin) Remapping refMap fabric-renderer-api-v1-refmap.json using remapper chain
[18:29:25] [main/WARN] (mixin) @Mixin target net/minecraft/client/render/block/BlockModelRenderer$AmbientOcclusionCalculator is public in fabric-renderer-indigo.mixins.json:MixinAmbientOcclusionCalculator and should be specified in value
[18:29:25] [main/WARN] (mixin) @Mixin target net/minecraft/client/render/chunk/ChunkBuilder$BuiltChunk$RebuildTask is public in fabric-renderer-indigo.mixins.json:MixinChunkRebuildTask and should be specified in value
[18:29:25] [main/WARN] (mixin) @Mixin target net/minecraft/village/TradeOffers$TypeAwareBuyForOneEmeraldFactory is public in fabric-object-builder-v1.mixins.json:TypeAwareTradeMixin and should be specified in value
[18:29:25] [main/WARN] (mixin) @Mixin target net/minecraft/client/font/FontManager$1 is public in fabric-resource-loader-v0.mixins.json:client.FontManagerResourceReloadListenerMixin and should be specified in value
[18:29:25] [main/WARN] (mixin) @Mixin target net/minecraft/server/command/GameRuleCommand$1 is public in fabric-game-rule-api-v1.mixins.json:GameRuleCommandVisitorMixin and should be specified in value
[18:29:25] [main/WARN] (mixin) @Mixin target net/minecraft/client/gui/screen/world/EditGameRulesScreen$RuleListWidget$1 is public in fabric-game-rule-api-v1.mixins.json:client.RuleListWidgetVisitorMixin and should be specified in value
[18:29:25] [main/WARN] (mixin) @Mixin target net/minecraft/server/world/ThreadedAnvilChunkStorage$EntityTracker is public in fabric-networking-api-v1.mixins.json:accessor.EntityTrackerAccessor and should be specified in value
[18:29:25] [main/WARN] (mixin) @Mixin target net/minecraft/client/particle/ParticleManager$SimpleSpriteProvider is public in fabric-particles-v1.mixins.json:ParticleManagerAccessor$SimpleSpriteProviderAccessor and should be specified in value
[18:29:25] [main/WARN] (mixin) @Mixin target net/minecraft/tag/Tag$1 is public in fabric-tag-extensions-v0.mixins.json:MixinTagImpl and should be specified in value
[18:29:25] [main/WARN] (mixin) @Mixin target net/minecraft/tag/RequiredTagList$TagWrapper is public in fabric-tag-extensions-v0.mixins.json:MixinTagImpl and should be specified in value
[18:29:28] [main/INFO] (Minecraft) Environment: authHost='https://authserver.mojang.com', accountsHost='https://api.mojang.com', sessionHost='https://sessionserver.mojang.com', servicesHost='https://api.minecraftservices.com', name='PROD'
[18:29:29] [main/ERROR] (Minecraft) Failed to verify authentication
com.mojang.authlib.exceptions.AuthenticationUnavailableException: null
	at com.mojang.authlib.yggdrasil.YggdrasilSocialInteractionsService.checkPrivileges(YggdrasilSocialInteractionsService.java:97) ~[authlib-2.1.28.jar:?]
	at com.mojang.authlib.yggdrasil.YggdrasilSocialInteractionsService.<init>(YggdrasilSocialInteractionsService.java:40) ~[authlib-2.1.28.jar:?]
	at com.mojang.authlib.yggdrasil.YggdrasilAuthenticationService.createSocialInteractionsService(YggdrasilAuthenticationService.java:152) ~[authlib-2.1.28.jar:?]
	at net.minecraft.client.MinecraftClient.method_31382(MinecraftClient.java:625) [minecraft-1.16.5-mapped-net.fabricmc.yarn-1.16.5+build.1-v2.jar:?]
	at net.minecraft.client.MinecraftClient.<init>(MinecraftClient.java:409) [minecraft-1.16.5-mapped-net.fabricmc.yarn-1.16.5+build.1-v2.jar:?]
	at net.minecraft.client.main.Main.main(Main.java:177) [minecraft-1.16.5-mapped-net.fabricmc.yarn-1.16.5+build.1-v2.jar:?]
	at jdk.internal.reflect.NativeMethodAccessorImpl.invoke0(Native Method) ~[?:?]
	at jdk.internal.reflect.NativeMethodAccessorImpl.invoke(NativeMethodAccessorImpl.java:64) ~[?:?]
	at jdk.internal.reflect.DelegatingMethodAccessorImpl.invoke(DelegatingMethodAccessorImpl.java:43) ~[?:?]
	at java.lang.reflect.Method.invoke(Method.java:564) ~[?:?]
	at net.fabricmc.loader.game.MinecraftGameProvider.launch(MinecraftGameProvider.java:226) [fabric-loader-0.11.1@net.fabricmc.yarn.1_16_5.1.16.5+build.1-v2.jar:?]
	at net.fabricmc.loader.launch.knot.Knot.init(Knot.java:139) [fabric-loader-0.11.1@net.fabricmc.yarn.1_16_5.1.16.5+build.1-v2.jar:?]
	at net.fabricmc.loader.launch.knot.KnotClient.main(KnotClient.java:27) [fabric-loader-0.11.1@net.fabricmc.yarn.1_16_5.1.16.5+build.1-v2.jar:?]
	at net.fabricmc.devlaunchinjector.Main.main(Main.java:86) [dev-launch-injector-0.2.1+build.8.jar:?]
[18:29:29] [main/INFO] (Minecraft) Setting user: Player444
[18:29:29] [main/INFO] (Minecraft) [STDOUT]: Gemstones mod starting...
[18:29:29] [main/INFO] (Indigo) [Indigo] Registering Indigo renderer!
[18:29:29] [main/INFO] (Minecraft) Backend library: LWJGL version 3.2.2 build 10
[18:29:30] [main/INFO] (Minecraft) Narrator library for x64 successfully loaded
[18:29:31] [main/INFO] (Minecraft) [STDOUT]: This line is printed by an example mod mixin!
[18:29:31] [main/INFO] (Minecraft) Reloading ResourceManager: Default, Fabric Mods (Fabric Screen Handler API (v1), Fabric Renderer API (v1), Fabric Networking Block Entity (v0), Fabric Key Bindings (v0), Fabric Command API (v1), Fabric Loader, Example Mod, Fabric Tool Attribute API (v1), Fabric Renderer - Indigo, Fabric Structure API (v1), Fabric Containers (v0), Fabric Object Builder API (v1), Fabric Events Interaction (v0), Fabric Crash Report Info (v1), Fabric Item API (v1), Fabric Game Rule API (v1), Fabric Entity Events (v1), Fabric API Base, Fabric Rendering (v0), Fabric Key Binding API (v1), Fabric Rendering (v1), Fabric Rendering Data Attachment (v1), Fabric Resource Loader (v0), Fabric Textures (v0), Fabric Content Registries (v0), Fabric Tag Extensions (v0), Fabric Biome API (v1), Fabric Rendering Fluids (v1), Fabric Commands (v0), Fabric Registry Sync (v0), Fabric BlockRenderLayer Registration (v1), Fabric Lifecycle Events (v1), Fabric Mining Levels (v0), Fabric Renderer Registries (v1), Fabric Networking API (v1), Fabric Events Lifecycle (v0), Fabric Loot Tables (v1), Fabric API, Fabric Particles (v1), Fabric Item Groups (v0), Fabric Models (v0), Fabric Object Builders (v0), Fabric Networking (v0))
[18:29:31] [main/INFO] (Minecraft) [STDOUT]: This line is printed by an example mod mixin!
[18:29:31] [main/INFO] (Minecraft) [STDOUT]: This line is printed by an example mod mixin!
[18:29:31] [Realms Notification Availability checker #1/INFO] (Minecraft) Could not authorize you against Realms server: Invalid session id
[18:29:34] [main/INFO] (Minecraft) OpenAL initialized.
[18:29:34] [main/INFO] (Minecraft) Sound engine started
[18:29:34] [main/INFO] (Minecraft) Created: 4096x2048x0 minecraft:textures/atlas/blocks.png-atlas
[18:29:34] [main/INFO] (Minecraft) Created: 256x128x0 minecraft:textures/atlas/signs.png-atlas
[18:29:34] [main/INFO] (Minecraft) Created: 1024x512x0 minecraft:textures/atlas/banner_patterns.png-atlas
[18:29:34] [main/INFO] (Minecraft) Created: 1024x512x0 minecraft:textures/atlas/shield_patterns.png-atlas
[18:29:34] [main/INFO] (Minecraft) Created: 256x256x0 minecraft:textures/atlas/chest.png-atlas
[18:29:34] [main/INFO] (Minecraft) Created: 512x256x0 minecraft:textures/atlas/beds.png-atlas
[18:29:34] [main/INFO] (Minecraft) Created: 512x256x0 minecraft:textures/atlas/shulker_boxes.png-atlas
[18:29:35] [main/INFO] (Minecraft) Created: 256x256x0 minecraft:textures/atlas/particles.png-atlas
[18:29:35] [main/INFO] (Minecraft) Created: 256x256x0 minecraft:textures/atlas/paintings.png-atlas
[18:29:35] [main/INFO] (Minecraft) Created: 256x128x0 minecraft:textures/atlas/mob_effects.png-atlas
[18:29:35] [main/INFO] (Minecraft) [STDOUT]: This line is printed by an example mod mixin!
[18:29:48] [main/WARN] (Minecraft) Ambiguity between arguments [teleport, destination] and [teleport, targets] with inputs: [Player, 0123, @e, dd12be42-52a9-4a91-a8a1-11c01849e498]
[18:29:48] [main/WARN] (Minecraft) Ambiguity between arguments [teleport, location] and [teleport, destination] with inputs: [0.1 -0.5 .9, 0 0 0]
[18:29:48] [main/WARN] (Minecraft) Ambiguity between arguments [teleport, location] and [teleport, targets] with inputs: [0.1 -0.5 .9, 0 0 0]
[18:29:48] [main/WARN] (Minecraft) Ambiguity between arguments [teleport, targets] and [teleport, destination] with inputs: [Player, 0123, dd12be42-52a9-4a91-a8a1-11c01849e498]
[18:29:48] [main/WARN] (Minecraft) Ambiguity between arguments [teleport, targets, location] and [teleport, targets, destination] with inputs: [0.1 -0.5 .9, 0 0 0]
[18:29:48] [main/INFO] (Minecraft) Reloading ResourceManager: Default, Fabric Mods (Example Mod, Fabric Tool Attribute API (v1))
[18:29:49] [main/INFO] (Minecraft) Loaded 7 recipes
[18:29:49] [main/INFO] (Minecraft) Loaded 927 advancements
[18:29:49] [main/INFO] (BiomeModificationImpl) Applied 272 biome modifications to 68 of 79 new biomes in 14.50 ms
[18:29:49] [main/INFO] (Minecraft) Environment: authHost='https://authserver.mojang.com', accountsHost='https://api.mojang.com', sessionHost='https://sessionserver.mojang.com', servicesHost='https://api.minecraftservices.com', name='PROD'
[18:29:49] [Server thread/INFO] (Minecraft) Starting integrated minecraft server version 1.16.5
[18:29:49] [Server thread/INFO] (Minecraft) Generating keypair
[18:29:51] [Server thread/INFO] (Minecraft) Preparing start region for dimension minecraft:overworld
[18:29:52] [main/INFO] (Minecraft) Preparing spawn area: 0%
[18:29:52] [main/INFO] (Minecraft) Preparing spawn area: 1%
[18:29:53] [main/INFO] (Minecraft) Preparing spawn area: 3%
[18:29:53] [main/INFO] (Minecraft) Preparing spawn area: 5%
[18:29:54] [main/INFO] (Minecraft) Preparing spawn area: 10%
[18:29:54] [main/INFO] (Minecraft) Preparing spawn area: 17%
[18:29:55] [main/INFO] (Minecraft) Preparing spawn area: 24%
[18:29:55] [main/INFO] (Minecraft) Preparing spawn area: 26%
[18:29:56] [main/INFO] (Minecraft) Preparing spawn area: 34%
[18:29:56] [main/INFO] (Minecraft) Preparing spawn area: 41%
[18:29:57] [main/INFO] (Minecraft) Preparing spawn area: 47%
[18:29:57] [main/INFO] (Minecraft) Preparing spawn area: 54%
[18:29:58] [main/INFO] (Minecraft) Preparing spawn area: 62%
[18:29:58] [main/INFO] (Minecraft) Preparing spawn area: 68%
[18:29:59] [main/INFO] (Minecraft) Preparing spawn area: 75%
[18:29:59] [main/INFO] (Minecraft) Preparing spawn area: 82%
[18:30:00] [main/INFO] (Minecraft) Preparing spawn area: 88%
[18:30:00] [main/INFO] (Minecraft) Preparing spawn area: 96%
[18:30:00] [main/INFO] (Minecraft) Time elapsed: 8732 ms
[18:30:00] [Server thread/INFO] (Minecraft) Changing view distance to 7, from 10
[18:30:01] [Server thread/INFO] (Minecraft) Player444[local:E:89472948] logged in with entity id 189 at (-103.5, 65.0, -151.5)
[18:30:01] [Server thread/INFO] (Minecraft) Player444 joined the game
[18:30:01] [Server thread/INFO] (Minecraft) Saving and pausing game...
[18:30:01] [Server thread/INFO] (Minecraft) Saving chunks for level 'ServerLevel[New World]'/minecraft:overworld
[18:30:01] [main/INFO] (Minecraft) Loaded 0 advancements
[18:30:02] [Server thread/INFO] (Minecraft) Saving chunks for level 'ServerLevel[New World]'/minecraft:the_nether
[18:30:02] [Server thread/INFO] (Minecraft) Saving chunks for level 'ServerLevel[New World]'/minecraft:the_end
[18:30:28] [Server thread/INFO] (Minecraft) Player444 has made the advancement [Cover Me With Diamonds]
[18:30:28] [Server thread/INFO] (Minecraft) [Player444: Gave 1 [Diamond Helmet] to Player444]
[18:30:28] [main/INFO] (Minecraft) [CHAT] Player444 has made the advancement [Cover Me With Diamonds]
[18:30:28] [main/INFO] (Minecraft) [CHAT] Gave 1 [Diamond Helmet] to Player444
[18:30:28] [main/INFO] (Minecraft) Loaded 7 advancements
[18:30:35] [Server thread/INFO] (Minecraft) [Player444: Gave 1 [Diamond Chestplate] to Player444]
[18:30:35] [main/INFO] (Minecraft) [CHAT] Gave 1 [Diamond Chestplate] to Player444
[18:30:39] [Server thread/INFO] (Minecraft) [Player444: Gave 1 [Diamond Leggings] to Player444]
[18:30:39] [main/INFO] (Minecraft) [CHAT] Gave 1 [Diamond Leggings] to Player444
[18:30:43] [Server thread/INFO] (Minecraft) [Player444: Gave 1 [Diamond Boots] to Player444]
[18:30:43] [main/INFO] (Minecraft) [CHAT] Gave 1 [Diamond Boots] to Player444
[18:30:47] [Server thread/INFO] (Minecraft) [Player444: Gave 1 [Diamond Sword] to Player444]
[18:30:47] [main/INFO] (Minecraft) [CHAT] Gave 1 [Diamond Sword] to Player444
[18:30:54] [Server thread/INFO] (Minecraft) Player444 has made the advancement [Getting an Upgrade]
[18:30:54] [main/INFO] (Minecraft) [CHAT] Player444 has made the advancement [Getting an Upgrade]
[18:30:54] [Server thread/INFO] (Minecraft) [Player444: Gave 1 [Stone Pickaxe] to Player444]
[18:30:54] [main/INFO] (Minecraft) [CHAT] Gave 1 [Stone Pickaxe] to Player444
[18:30:54] [main/INFO] (Minecraft) Loaded 11 advancements
[18:31:09] [Server thread/INFO] (Minecraft) Player444 has made the advancement [Isn't It Iron Pick]
[18:31:09] [Server thread/INFO] (Minecraft) [Player444: Gave 1 [Iron Pickaxe] to Player444]
[18:31:09] [main/INFO] (Minecraft) [CHAT] Player444 has made the advancement [Isn't It Iron Pick]
[18:31:09] [main/INFO] (Minecraft) [CHAT] Gave 1 [Iron Pickaxe] to Player444
[18:31:09] [main/INFO] (Minecraft) Loaded 14 advancements
[18:31:16] [Server thread/INFO] (Minecraft) [Player444: Gave 1 [Furnace] to Player444]
[18:31:16] [main/INFO] (Minecraft) [CHAT] Gave 1 [Furnace] to Player444
[18:31:16] [main/INFO] (Minecraft) Loaded 15 advancements
[18:31:21] [Server thread/INFO] (Minecraft) [Player444: Gave 1 [Coal] to Player444]
[18:31:21] [main/INFO] (Minecraft) [CHAT] Gave 1 [Coal] to Player444
[18:31:21] [main/INFO] (Minecraft) Loaded 17 advancements
[18:31:23] [main/INFO] (Minecraft) Loaded 18 advancements
[18:31:48] [Server thread/INFO] (Minecraft) [Player444: Gave 1 [Shield] to Player444]
[18:31:48] [main/INFO] (Minecraft) [CHAT] Gave 1 [Shield] to Player444
[18:32:00] [Server thread/INFO] (Minecraft) [Player444: Gave 1 [Soul Torch] to Player444]
[18:32:00] [main/INFO] (Minecraft) [CHAT] Gave 1 [Soul Torch] to Player444
[18:32:00] [main/INFO] (Minecraft) Loaded 19 advancements
[18:32:08] [Server thread/INFO] (Minecraft) [Player444: Gave 64 [Soul Torch] to Player444]
[18:32:08] [main/INFO] (Minecraft) [CHAT] Gave 64 [Soul Torch] to Player444
[18:32:15] [Server thread/INFO] (Minecraft) [Player444: Set own game mode to Survival Mode]
[18:32:15] [main/INFO] (Minecraft) [CHAT] Set own game mode to Survival Mode
[18:32:24] [Server thread/INFO] (Minecraft) Player444 has made the advancement [Not Today, Thank You]
[18:32:24] [main/INFO] (Minecraft) [CHAT] Player444 has made the advancement [Not Today, Thank You]
[18:32:24] [main/INFO] (Minecraft) Loaded 20 advancements
[18:32:32] [Server thread/INFO] (Minecraft) Player444 has made the advancement [Monster Hunter]
[18:32:32] [main/INFO] (Minecraft) [CHAT] Player444 has made the advancement [Monster Hunter]
[18:32:32] [main/INFO] (Minecraft) Loaded 37 advancements
[18:32:33] [main/INFO] (Minecraft) Loaded 38 advancements
[18:32:38] [main/INFO] (Minecraft) Loaded 38 advancements
[18:32:51] [Server thread/INFO] (Minecraft) Saving and pausing game...
[18:32:51] [Server thread/INFO] (Minecraft) Saving chunks for level 'ServerLevel[New World]'/minecraft:overworld
[18:32:51] [Server thread/INFO] (Minecraft) Saving chunks for level 'ServerLevel[New World]'/minecraft:the_nether
[18:32:51] [Server thread/INFO] (Minecraft) Saving chunks for level 'ServerLevel[New World]'/minecraft:the_end
[18:33:05] [Server thread/INFO] (Minecraft) Player444 has made the advancement [Stone Age]
[18:33:05] [main/INFO] (Minecraft) [CHAT] Player444 has made the advancement [Stone Age]
[18:33:05] [main/INFO] (Minecraft) Loaded 52 advancements
[18:34:07] [Server thread/INFO] (Minecraft) Saving and pausing game...
[18:34:07] [Server thread/INFO] (Minecraft) Saving chunks for level 'ServerLevel[New World]'/minecraft:overworld
[18:34:07] [Server thread/INFO] (Minecraft) Saving chunks for level 'ServerLevel[New World]'/minecraft:the_nether
[18:34:07] [Server thread/INFO] (Minecraft) Saving chunks for level 'ServerLevel[New World]'/minecraft:the_end
[18:34:08] [Server thread/INFO] (Minecraft) Player444 lost connection: Disconnected
[18:34:08] [Server thread/INFO] (Minecraft) Player444 left the game
[18:34:08] [Server thread/INFO] (Minecraft) Stopping singleplayer server as player logged out
[18:34:08] [Server thread/INFO] (Minecraft) Stopping server
[18:34:08] [Server thread/INFO] (Minecraft) Saving players
[18:34:08] [Server thread/INFO] (Minecraft) Saving worlds
[18:34:08] [Server thread/INFO] (Minecraft) Saving chunks for level 'ServerLevel[New World]'/minecraft:overworld
[18:34:08] [Server thread/INFO] (Minecraft) ThreadedAnvilChunkStorage (New World): All chunks are saved
[18:34:08] [Server thread/INFO] (Minecraft) Saving chunks for level 'ServerLevel[New World]'/minecraft:the_nether
[18:34:08] [Server thread/INFO] (Minecraft) ThreadedAnvilChunkStorage (DIM-1): All chunks are saved
[18:34:08] [Server thread/INFO] (Minecraft) Saving chunks for level 'ServerLevel[New World]'/minecraft:the_end
[18:34:08] [Server thread/INFO] (Minecraft) ThreadedAnvilChunkStorage (DIM1): All chunks are saved
[18:34:08] [Server thread/INFO] (Minecraft) ThreadedAnvilChunkStorage (New World): All chunks are saved
[18:34:09] [Server thread/INFO] (Minecraft) ThreadedAnvilChunkStorage (DIM-1): All chunks are saved
[18:34:09] [Server thread/INFO] (Minecraft) ThreadedAnvilChunkStorage (DIM1): All chunks are saved
[18:34:09] [main/INFO] (Minecraft) [STDOUT]: This line is printed by an example mod mixin!
[18:34:12] [main/INFO] (Minecraft) Attempt 1...
[18:34:13] [main/INFO] (Minecraft) [STDOUT]: This line is printed by an example mod mixin!
[18:34:13] [main/INFO] (Minecraft) Stopping!
